[14:24:08] [ServerMain/INFO]: Environment: authHost='https://authserver.mojang.com', accountsHost='https://api.mojang.com', sessionHost='https://sessionserver.mojang.com', servicesHost='https://api.minecraftservices.com', name='PROD'
[14:24:10] [ServerMain/INFO]: Loaded 7 recipes
[14:24:11] [Server thread/INFO]: Starting minecraft server version 1.19.4
[14:24:11] [Server thread/INFO]: Loading properties
[14:24:11] [Server thread/INFO]: This server is running CraftBukkit version 3763-Spigot-7d7b241-5a5e43e (MC: 1.19.4) (Implementing API version 1.19.4-R0.1-SNAPSHOT)
[14:24:11] [Server thread/INFO]: Debug logging is disabled
[14:24:11] [Server thread/INFO]: Server Ping Player Sample Count: 12
[14:24:11] [Server thread/INFO]: Using 4 threads for Netty based IO
[14:24:11] [Server thread/INFO]: Default game type: SURVIVAL
[14:24:11] [Server thread/INFO]: Generating keypair
[14:24:11] [Server thread/INFO]: Starting Minecraft server on *:25565
[14:24:11] [Server thread/INFO]: Using default channel type
[14:24:12] [Server thread/INFO]: [LuckPerms] Loading LuckPerms v5.4.128
[14:24:12] [Server thread/INFO]: [LuckPerms] Enabling LuckPerms v5.4.128
[14:24:12] [Server thread/INFO]:         __    
[14:24:12] [Server thread/INFO]:   |    |__)   LuckPerms v5.4.128
[14:24:12] [Server thread/INFO]:   |___ |      Running on Bukkit - CraftBukkit
[14:24:12] [Server thread/INFO]: 
[14:24:12] [Server thread/INFO]: [LuckPerms] Loading configuration...
[14:24:12] [Server thread/INFO]: [LuckPerms] Loading storage provider... [H2]
[14:24:13] [Server thread/INFO]: [LuckPerms] Loading internal permission managers...
[14:24:13] [Server thread/INFO]: [LuckPerms] Performing initial data load...
[14:24:13] [Server thread/INFO]: [LuckPerms] Successfully enabled. (took 1096ms)
[14:24:13] [Server thread/INFO]: Preparing level "world"
[14:24:13] [Server thread/INFO]: -------- World Settings For [world] --------
[14:24:13] [Server thread/INFO]: Item Despawn Rate: 6000
[14:24:13] [Server thread/INFO]: Item Merge Radius: 2.5
[14:24:13] [Server thread/INFO]: View Distance: 10
[14:24:13] [Server thread/INFO]: Simulation Distance: 10
[14:24:13] [Server thread/INFO]: Allow Zombie Pigmen to spawn from portal blocks: true
[14:24:13] [Server thread/INFO]: Nerfing mobs spawned from spawners: false
[14:24:13] [Server thread/INFO]: Arrow Despawn Rate: 1200 Trident Respawn Rate:1200
[14:24:13] [Server thread/INFO]: Zombie Aggressive Towards Villager: true
[14:24:13] [Server thread/INFO]: Mob Spawn Range: 6
[14:24:13] [Server thread/INFO]: Experience Merge Radius: 3.0
[14:24:13] [Server thread/INFO]: Cactus Growth Modifier: 100%
[14:24:13] [Server thread/INFO]: Cane Growth Modifier: 100%
[14:24:13] [Server thread/INFO]: Melon Growth Modifier: 100%
[14:24:13] [Server thread/INFO]: Mushroom Growth Modifier: 100%
[14:24:13] [Server thread/INFO]: Pumpkin Growth Modifier: 100%
[14:24:13] [Server thread/INFO]: Sapling Growth Modifier: 100%
[14:24:13] [Server thread/INFO]: Beetroot Growth Modifier: 100%
[14:24:13] [Server thread/INFO]: Carrot Growth Modifier: 100%
[14:24:13] [Server thread/INFO]: Potato Growth Modifier: 100%
[14:24:13] [Server thread/INFO]: Wheat Growth Modifier: 100%
[14:24:13] [Server thread/INFO]: NetherWart Growth Modifier: 100%
[14:24:13] [Server thread/INFO]: Vine Growth Modifier: 100%
[14:24:13] [Server thread/INFO]: Cocoa Growth Modifier: 100%
[14:24:13] [Server thread/INFO]: Bamboo Growth Modifier: 100%
[14:24:13] [Server thread/INFO]: SweetBerry Growth Modifier: 100%
[14:24:13] [Server thread/INFO]: Kelp Growth Modifier: 100%
[14:24:13] [Server thread/INFO]: TwistingVines Growth Modifier: 100%
[14:24:13] [Server thread/INFO]: WeepingVines Growth Modifier: 100%
[14:24:13] [Server thread/INFO]: CaveVines Growth Modifier: 100%
[14:24:13] [Server thread/INFO]: Hopper Transfer: 8 Hopper Check: 1 Hopper Amount: 1 Hopper Can Load Chunks: false
[14:24:13] [Server thread/INFO]: Entity Activation Range: An 32 / Mo 32 / Ra 48 / Mi 16 / Tiv true / Isa false
[14:24:13] [Server thread/INFO]: Entity Tracking Range: Pl 48 / An 48 / Mo 48 / Mi 32 / Di 128 / Other 64
[14:24:13] [Server thread/INFO]: Custom Map Seeds:  Village: 10387312 Desert: 14357617 Igloo: 14357618 Jungle: 14357619 Swamp: 14357620 Monument: 10387313 Ocean: 14357621 Shipwreck: 165745295 End City: 10387313 Slime: 987234911 Nether: 30084232 Mansion: 10387319 Fossil: 14357921 Portal: 34222645
[14:24:13] [Server thread/INFO]: Tile Max Tick Time: 50ms Entity max Tick Time: 50ms
[14:24:13] [Server thread/INFO]: Max TNT Explosions: 100
[14:24:14] [Server thread/INFO]: -------- World Settings For [world_nether] --------
[14:24:14] [Server thread/INFO]: Item Despawn Rate: 6000
[14:24:14] [Server thread/INFO]: Item Merge Radius: 2.5
[14:24:14] [Server thread/INFO]: View Distance: 10
[14:24:14] [Server thread/INFO]: Simulation Distance: 10
[14:24:14] [Server thread/INFO]: Allow Zombie Pigmen to spawn from portal blocks: true
[14:24:14] [Server thread/INFO]: Nerfing mobs spawned from spawners: false
[14:24:14] [Server thread/INFO]: Arrow Despawn Rate: 1200 Trident Respawn Rate:1200
[14:24:14] [Server thread/INFO]: Zombie Aggressive Towards Villager: true
[14:24:14] [Server thread/INFO]: Mob Spawn Range: 6
[14:24:14] [Server thread/INFO]: Experience Merge Radius: 3.0
[14:24:14] [Server thread/INFO]: Cactus Growth Modifier: 100%
[14:24:14] [Server thread/INFO]: Cane Growth Modifier: 100%
[14:24:14] [Server thread/INFO]: Melon Growth Modifier: 100%
[14:24:14] [Server thread/INFO]: Mushroom Growth Modifier: 100%
[14:24:14] [Server thread/INFO]: Pumpkin Growth Modifier: 100%
[14:24:14] [Server thread/INFO]: Sapling Growth Modifier: 100%
[14:24:14] [Server thread/INFO]: Beetroot Growth Modifier: 100%
[14:24:14] [Server thread/INFO]: Carrot Growth Modifier: 100%
[14:24:14] [Server thread/INFO]: Potato Growth Modifier: 100%
[14:24:14] [Server thread/INFO]: Wheat Growth Modifier: 100%
[14:24:14] [Server thread/INFO]: NetherWart Growth Modifier: 100%
[14:24:14] [Server thread/INFO]: Vine Growth Modifier: 100%
[14:24:14] [Server thread/INFO]: Cocoa Growth Modifier: 100%
[14:24:14] [Server thread/INFO]: Bamboo Growth Modifier: 100%
[14:24:14] [Server thread/INFO]: SweetBerry Growth Modifier: 100%
[14:24:14] [Server thread/INFO]: Kelp Growth Modifier: 100%
[14:24:14] [Server thread/INFO]: TwistingVines Growth Modifier: 100%
[14:24:14] [Server thread/INFO]: WeepingVines Growth Modifier: 100%
[14:24:14] [Server thread/INFO]: CaveVines Growth Modifier: 100%
[14:24:14] [Server thread/INFO]: Hopper Transfer: 8 Hopper Check: 1 Hopper Amount: 1 Hopper Can Load Chunks: false
[14:24:14] [Server thread/INFO]: Entity Activation Range: An 32 / Mo 32 / Ra 48 / Mi 16 / Tiv true / Isa false
[14:24:14] [Server thread/INFO]: Entity Tracking Range: Pl 48 / An 48 / Mo 48 / Mi 32 / Di 128 / Other 64
[14:24:14] [Server thread/INFO]: Custom Map Seeds:  Village: 10387312 Desert: 14357617 Igloo: 14357618 Jungle: 14357619 Swamp: 14357620 Monument: 10387313 Ocean: 14357621 Shipwreck: 165745295 End City: 10387313 Slime: 987234911 Nether: 30084232 Mansion: 10387319 Fossil: 14357921 Portal: 34222645
[14:24:14] [Server thread/INFO]: Tile Max Tick Time: 50ms Entity max Tick Time: 50ms
[14:24:14] [Server thread/INFO]: Max TNT Explosions: 100
[14:24:14] [Server thread/INFO]: -------- World Settings For [world_the_end] --------
[14:24:14] [Server thread/INFO]: Item Despawn Rate: 6000
[14:24:14] [Server thread/INFO]: Item Merge Radius: 2.5
[14:24:14] [Server thread/INFO]: View Distance: 10
[14:24:14] [Server thread/INFO]: Simulation Distance: 10
[14:24:14] [Server thread/INFO]: Allow Zombie Pigmen to spawn from portal blocks: true
[14:24:14] [Server thread/INFO]: Nerfing mobs spawned from spawners: false
[14:24:14] [Server thread/INFO]: Arrow Despawn Rate: 1200 Trident Respawn Rate:1200
[14:24:14] [Server thread/INFO]: Zombie Aggressive Towards Villager: true
[14:24:14] [Server thread/INFO]: Mob Spawn Range: 6
[14:24:14] [Server thread/INFO]: Experience Merge Radius: 3.0
[14:24:14] [Server thread/INFO]: Cactus Growth Modifier: 100%
[14:24:14] [Server thread/INFO]: Cane Growth Modifier: 100%
[14:24:14] [Server thread/INFO]: Melon Growth Modifier: 100%
[14:24:14] [Server thread/INFO]: Mushroom Growth Modifier: 100%
[14:24:14] [Server thread/INFO]: Pumpkin Growth Modifier: 100%
[14:24:14] [Server thread/INFO]: Sapling Growth Modifier: 100%
[14:24:14] [Server thread/INFO]: Beetroot Growth Modifier: 100%
[14:24:14] [Server thread/INFO]: Carrot Growth Modifier: 100%
[14:24:14] [Server thread/INFO]: Potato Growth Modifier: 100%
[14:24:14] [Server thread/INFO]: Wheat Growth Modifier: 100%
[14:24:14] [Server thread/INFO]: NetherWart Growth Modifier: 100%
[14:24:14] [Server thread/INFO]: Vine Growth Modifier: 100%
[14:24:14] [Server thread/INFO]: Cocoa Growth Modifier: 100%
[14:24:14] [Server thread/INFO]: Bamboo Growth Modifier: 100%
[14:24:14] [Server thread/INFO]: SweetBerry Growth Modifier: 100%
[14:24:14] [Server thread/INFO]: Kelp Growth Modifier: 100%
[14:24:14] [Server thread/INFO]: TwistingVines Growth Modifier: 100%
[14:24:14] [Server thread/INFO]: WeepingVines Growth Modifier: 100%
[14:24:14] [Server thread/INFO]: CaveVines Growth Modifier: 100%
[14:24:14] [Server thread/INFO]: Hopper Transfer: 8 Hopper Check: 1 Hopper Amount: 1 Hopper Can Load Chunks: false
[14:24:14] [Server thread/INFO]: Entity Activation Range: An 32 / Mo 32 / Ra 48 / Mi 16 / Tiv true / Isa false
[14:24:14] [Server thread/INFO]: Entity Tracking Range: Pl 48 / An 48 / Mo 48 / Mi 32 / Di 128 / Other 64
[14:24:14] [Server thread/INFO]: Custom Map Seeds:  Village: 10387312 Desert: 14357617 Igloo: 14357618 Jungle: 14357619 Swamp: 14357620 Monument: 10387313 Ocean: 14357621 Shipwreck: 165745295 End City: 10387313 Slime: 987234911 Nether: 30084232 Mansion: 10387319 Fossil: 14357921 Portal: 34222645
[14:24:14] [Server thread/INFO]: Tile Max Tick Time: 50ms Entity max Tick Time: 50ms
[14:24:14] [Server thread/INFO]: Max TNT Explosions: 100
[14:24:14] [Server thread/INFO]: Preparing start region for dimension minecraft:overworld
[14:24:16] [Worker-Main-11/INFO]: Preparing spawn area: 0%
[14:24:16] [Worker-Main-1/INFO]: Preparing spawn area: 0%
[14:24:16] [Worker-Main-2/INFO]: Preparing spawn area: 0%
[14:24:16] [Worker-Main-6/INFO]: Preparing spawn area: 0%
[14:24:16] [Worker-Main-8/INFO]: Preparing spawn area: 0%
[14:24:17] [Worker-Main-1/INFO]: Preparing spawn area: 7%
[14:24:17] [Worker-Main-11/INFO]: Preparing spawn area: 25%
[14:24:18] [Worker-Main-7/INFO]: Preparing spawn area: 54%
[14:24:19] [Worker-Main-15/INFO]: Preparing spawn area: 68%
[14:24:19] [Worker-Main-18/INFO]: Preparing spawn area: 68%
[14:24:19] [Worker-Main-17/INFO]: Preparing spawn area: 72%
[14:24:20] [Worker-Main-5/INFO]: Preparing spawn area: 76%
[14:24:20] [Worker-Main-2/INFO]: Preparing spawn area: 83%
[14:24:21] [Worker-Main-18/INFO]: Preparing spawn area: 83%
[14:24:21] [Worker-Main-11/INFO]: Preparing spawn area: 86%
[14:24:22] [Worker-Main-13/INFO]: Preparing spawn area: 91%
[14:24:22] [Worker-Main-14/INFO]: Preparing spawn area: 96%
[14:24:23] [Server thread/INFO]: Time elapsed: 8314 ms
[14:24:23] [Server thread/INFO]: Preparing start region for dimension minecraft:the_nether
[14:24:23] [Worker-Main-19/INFO]: Preparing spawn area: 0%
[14:24:23] [Worker-Main-6/INFO]: Preparing spawn area: 0%
[14:24:24] [Worker-Main-7/INFO]: Preparing spawn area: 0%
[14:24:24] [Worker-Main-7/INFO]: Preparing spawn area: 54%
[14:24:25] [Worker-Main-19/INFO]: Preparing spawn area: 68%
[14:24:25] [Worker-Main-16/INFO]: Preparing spawn area: 70%
[14:24:26] [Worker-Main-10/INFO]: Preparing spawn area: 78%
[14:24:26] [Worker-Main-14/INFO]: Preparing spawn area: 83%
[14:24:27] [Worker-Main-7/INFO]: Preparing spawn area: 84%
[14:24:27] [Worker-Main-16/INFO]: Preparing spawn area: 89%
[14:24:28] [Worker-Main-17/INFO]: Preparing spawn area: 94%
[14:24:28] [Server thread/INFO]: Time elapsed: 5359 ms
[14:24:28] [Server thread/INFO]: Preparing start region for dimension minecraft:the_end
[14:24:29] [Worker-Main-11/INFO]: Preparing spawn area: 0%
[14:24:29] [Worker-Main-2/INFO]: Preparing spawn area: 0%
[14:24:29] [Worker-Main-13/INFO]: Preparing spawn area: 3%
[14:24:29] [Worker-Main-14/INFO]: Preparing spawn area: 72%
[14:24:30] [Server thread/INFO]: Time elapsed: 1768 ms
[14:24:30] [Server thread/INFO]: Server permissions file permissions.yml is empty, ignoring it
[14:24:30] [Server thread/INFO]: Done (16.851s)! For help, type "help"
[14:25:50] [Thread-1/INFO]: Stopping server
